# JRE version: OpenJDK Runtime Environment (8.0_152-b06) (build 1.8.0_152-release-1136-b06)
# Java VM: OpenJDK 64-Bit Server VM (25.152-b06 mixed mode windows-amd64 compressed oops)
Heap:
 PSYoungGen      total 334336K, used 83383K [0x00000000e0000000, 0x00000000fc900000, 0x0000000100000000)
  eden space 266240K, 5% used [0x00000000e0000000,0x00000000e0ef5808,0x00000000f0400000)
  from space 68096K, 99% used [0x00000000f0400000,0x00000000f46785d8,0x00000000f4680000)
  to   space 86528K, 0% used [0x00000000f7480000,0x00000000f7480000,0x00000000fc900000)
 ParOldGen       total 179712K, used 73538K [0x00000000a0000000, 0x00000000aaf80000, 0x00000000e0000000)
  object space 179712K, 40% used [0x00000000a0000000,0x00000000a47d0b20,0x00000000aaf80000)
 Metaspace       used 111492K, capacity 117074K, committed 117120K, reserved 1150976K
  class space    used 14198K, capacity 15466K, committed 15488K, reserved 1048576K
GC Heap History (10 events):
Event: 506.693 GC heap before
{Heap before GC invocations=28 (full 5):
 PSYoungGen      total 268288K, used 211962K [0x00000000e0000000, 0x00000000f4400000, 0x0000000100000000)
  eden space 206848K, 100% used [0x00000000e0000000,0x00000000eca00000,0x00000000eca00000)
  from space 61440K, 8% used [0x00000000f0800000,0x00000000f0cfe980,0x00000000f4400000)
  to   space 62464K, 0% used [0x00000000eca00000,0x00000000eca00000,0x00000000f0700000)
 ParOldGen       total 179712K, used 52223K [0x00000000a0000000, 0x00000000aaf80000, 0x00000000e0000000)
  object space 179712K, 29% used [0x00000000a0000000,0x00000000a32ffdc8,0x00000000aaf80000)
 Metaspace       used 85927K, capacity 89348K, committed 89600K, reserved 1126400K
  class space    used 10976K, capacity 11732K, committed 11776K, reserved 1048576K
Event: 506.721 GC heap after
Heap after GC invocations=28 (full 5):
 PSYoungGen      total 269312K, used 10647K [0x00000000e0000000, 0x00000000f5c00000, 0x0000000100000000)
  eden space 206848K, 0% used [0x00000000e0000000,0x00000000e0000000,0x00000000eca00000)
  from space 62464K, 17% used [0x00000000eca00000,0x00000000ed465e28,0x00000000f0700000)
  to   space 59904K, 0% used [0x00000000f2180000,0x00000000f2180000,0x00000000f5c00000)
 ParOldGen       total 179712K, used 52231K [0x00000000a0000000, 0x00000000aaf80000, 0x00000000e0000000)
  object space 179712K, 29% used [0x00000000a0000000,0x00000000a3301dc8,0x00000000aaf80000)
 Metaspace       used 85927K, capacity 89348K, committed 89600K, reserved 1126400K
  class space    used 10976K, capacity 11732K, committed 11776K, reserved 1048576K
}
Event: 522.300 GC heap before
{Heap before GC invocations=29 (full 5):
 PSYoungGen      total 269312K, used 217495K [0x00000000e0000000, 0x00000000f5c00000, 0x0000000100000000)
  eden space 206848K, 100% used [0x00000000e0000000,0x00000000eca00000,0x00000000eca00000)
  from space 62464K, 17% used [0x00000000eca00000,0x00000000ed465e28,0x00000000f0700000)
  to   space 59904K, 0% used [0x00000000f2180000,0x00000000f2180000,0x00000000f5c00000)
 ParOldGen       total 179712K, used 52231K [0x00000000a0000000, 0x00000000aaf80000, 0x00000000e0000000)
  object space 179712K, 29% used [0x00000000a0000000,0x00000000a3301dc8,0x00000000aaf80000)
 Metaspace       used 98056K, capacity 102318K, committed 102528K, reserved 1138688K
  class space    used 12712K, capacity 13632K, committed 13696K, reserved 1048576K
Event: 522.803 GC heap after
Heap after GC invocations=29 (full 5):
 PSYoungGen      total 295936K, used 32333K [0x00000000e0000000, 0x00000000f6900000, 0x0000000100000000)
  eden space 236032K, 0% used [0x00000000e0000000,0x00000000e0000000,0x00000000ee680000)
  from space 59904K, 53% used [0x00000000f2180000,0x00000000f4113748,0x00000000f5c00000)
  to   space 60416K, 0% used [0x00000000ee680000,0x00000000ee680000,0x00000000f2180000)
 ParOldGen       total 179712K, used 52239K [0x00000000a0000000, 0x00000000aaf80000, 0x00000000e0000000)
  object space 179712K, 29% used [0x00000000a0000000,0x00000000a3303dc8,0x00000000aaf80000)
 Metaspace       used 98056K, capacity 102318K, committed 102528K, reserved 1138688K
  class space    used 12712K, capacity 13632K, committed 13696K, reserved 1048576K
}
Event: 545.282 GC heap before
{Heap before GC invocations=30 (full 5):
 PSYoungGen      total 295936K, used 268365K [0x00000000e0000000, 0x00000000f6900000, 0x0000000100000000)
  eden space 236032K, 100% used [0x00000000e0000000,0x00000000ee680000,0x00000000ee680000)
  from space 59904K, 53% used [0x00000000f2180000,0x00000000f4113748,0x00000000f5c00000)
  to   space 60416K, 0% used [0x00000000ee680000,0x00000000ee680000,0x00000000f2180000)
 ParOldGen       total 179712K, used 52239K [0x00000000a0000000, 0x00000000aaf80000, 0x00000000e0000000)
  object space 179712K, 29% used [0x00000000a0000000,0x00000000a3303dc8,0x00000000aaf80000)
 Metaspace       used 104197K, capacity 109014K, committed 109056K, reserved 1144832K
  class space    used 13496K, capacity 14562K, committed 14592K, reserved 1048576K
Event: 545.505 GC heap after
Heap after GC invocations=30 (full 5):
 PSYoungGen      total 296448K, used 42991K [0x00000000e0000000, 0x00000000f8700000, 0x0000000100000000)
  eden space 236032K, 0% used [0x00000000e0000000,0x00000000e0000000,0x00000000ee680000)
  from space 60416K, 71% used [0x00000000ee680000,0x00000000f107be50,0x00000000f2180000)
  to   space 64512K, 0% used [0x00000000f4800000,0x00000000f4800000,0x00000000f8700000)
 ParOldGen       total 179712K, used 52247K [0x00000000a0000000, 0x00000000aaf80000, 0x00000000e0000000)
  object space 179712K, 29% used [0x00000000a0000000,0x00000000a3305dc8,0x00000000aaf80000)
 Metaspace       used 104197K, capacity 109014K, committed 109056K, reserved 1144832K
  class space    used 13496K, capacity 14562K, committed 14592K, reserved 1048576K
}
Event: 1072.228 GC heap before
{Heap before GC invocations=31 (full 5):
 PSYoungGen      total 296448K, used 279023K [0x00000000e0000000, 0x00000000f8700000, 0x0000000100000000)
  eden space 236032K, 100% used [0x00000000e0000000,0x00000000ee680000,0x00000000ee680000)
  from space 60416K, 71% used [0x00000000ee680000,0x00000000f107be50,0x00000000f2180000)
  to   space 64512K, 0% used [0x00000000f4800000,0x00000000f4800000,0x00000000f8700000)
 ParOldGen       total 179712K, used 52247K [0x00000000a0000000, 0x00000000aaf80000, 0x00000000e0000000)
  object space 179712K, 29% used [0x00000000a0000000,0x00000000a3305dc8,0x00000000aaf80000)
 Metaspace       used 108289K, capacity 113680K, committed 113792K, reserved 1148928K
  class space    used 13952K, capacity 15159K, committed 15232K, reserved 1048576K
Event: 1072.389 GC heap after
Heap after GC invocations=31 (full 5):
 PSYoungGen      total 330752K, used 42835K [0x00000000e0000000, 0x00000000f8900000, 0x0000000100000000)
  eden space 266240K, 0% used [0x00000000e0000000,0x00000000e0000000,0x00000000f0400000)
  from space 64512K, 66% used [0x00000000f4800000,0x00000000f71d4c48,0x00000000f8700000)
  to   space 68096K, 0% used [0x00000000f0400000,0x00000000f0400000,0x00000000f4680000)
 ParOldGen       total 179712K, used 54035K [0x00000000a0000000, 0x00000000aaf80000, 0x00000000e0000000)
  object space 179712K, 30% used [0x00000000a0000000,0x00000000a34c4f68,0x00000000aaf80000)
 Metaspace       used 108289K, capacity 113680K, committed 113792K, reserved 1148928K
  class space    used 13952K, capacity 15159K, committed 15232K, reserved 1048576K
}
Event: 1544.271 GC heap before
{Heap before GC invocations=32 (full 5):
 PSYoungGen      total 330752K, used 309075K [0x00000000e0000000, 0x00000000f8900000, 0x0000000100000000)
  eden space 266240K, 100% used [0x00000000e0000000,0x00000000f0400000,0x00000000f0400000)
  from space 64512K, 66% used [0x00000000f4800000,0x00000000f71d4c48,0x00000000f8700000)
  to   space 68096K, 0% used [0x00000000f0400000,0x00000000f0400000,0x00000000f4680000)
 ParOldGen       total 179712K, used 54035K [0x00000000a0000000, 0x00000000aaf80000, 0x00000000e0000000)
  object space 179712K, 30% used [0x00000000a0000000,0x00000000a34c4f68,0x00000000aaf80000)
 Metaspace       used 111421K, capacity 116922K, committed 117120K, reserved 1150976K
  class space    used 14193K, capacity 15462K, committed 15488K, reserved 1048576K
Event: 1544.640 GC heap after
Heap after GC invocations=32 (full 5):
 PSYoungGen      total 334336K, used 68065K [0x00000000e0000000, 0x00000000fc900000, 0x0000000100000000)
  eden space 266240K, 0% used [0x00000000e0000000,0x00000000e0000000,0x00000000f0400000)
  from space 68096K, 99% used [0x00000000f0400000,0x00000000f46785d8,0x00000000f4680000)
  to   space 86528K, 0% used [0x00000000f7480000,0x00000000f7480000,0x00000000fc900000)
 ParOldGen       total 179712K, used 73538K [0x00000000a0000000, 0x00000000aaf80000, 0x00000000e0000000)
  object space 179712K, 40% used [0x00000000a0000000,0x00000000a47d0b20,0x00000000aaf80000)
 Metaspace       used 111421K, capacity 116922K, committed 117120K, reserved 1150976K
  class space    used 14193K, capacity 15462K, committed 15488K, reserved 1048576K
}

