# JRE version: OpenJDK Runtime Environment (8.0_152-b06) (build 1.8.0_152-release-1136-b06)
# Java VM: OpenJDK 64-Bit Server VM (25.152-b06 mixed mode windows-amd64 compressed oops)
Heap:
 PSYoungGen      total 208384K, used 128K [0x00000000e0000000, 0x00000000edc80000, 0x0000000100000000)
  eden space 194048K, 0% used [0x00000000e0000000,0x00000000e0000000,0x00000000ebd80000)
  from space 14336K, 0% used [0x00000000ecd00000,0x00000000ecd20010,0x00000000edb00000)
  to   space 15872K, 0% used [0x00000000ebd80000,0x00000000ebd80000,0x00000000ecd00000)
 ParOldGen       total 78848K, used 42268K [0x00000000a0000000, 0x00000000a4d00000, 0x00000000e0000000)
  object space 78848K, 53% used [0x00000000a0000000,0x00000000a29472f8,0x00000000a4d00000)
 Metaspace       used 57323K, capacity 59096K, committed 59284K, reserved 1099776K
  class space    used 7750K, capacity 8161K, committed 8192K, reserved 1048576K
GC Heap History (10 events):
Event: 49.033 GC heap after
Heap after GC invocations=13 (full 2):
 PSYoungGen      total 136704K, used 11770K [0x00000000e0000000, 0x00000000edb00000, 0x0000000100000000)
  eden space 124928K, 0% used [0x00000000e0000000,0x00000000e0000000,0x00000000e7a00000)
  from space 11776K, 99% used [0x00000000e7a00000,0x00000000e857ea60,0x00000000e8580000)
  to   space 14336K, 0% used [0x00000000ecd00000,0x00000000ecd00000,0x00000000edb00000)
 ParOldGen       total 43520K, used 16723K [0x00000000a0000000, 0x00000000a2a80000, 0x00000000e0000000)
  object space 43520K, 38% used [0x00000000a0000000,0x00000000a1054ef0,0x00000000a2a80000)
 Metaspace       used 42381K, capacity 43346K, committed 43776K, reserved 1087488K
  class space    used 5721K, capacity 6028K, committed 6144K, reserved 1048576K
}
Event: 62.746 GC heap before
{Heap before GC invocations=14 (full 2):
 PSYoungGen      total 136704K, used 136698K [0x00000000e0000000, 0x00000000edb00000, 0x0000000100000000)
  eden space 124928K, 100% used [0x00000000e0000000,0x00000000e7a00000,0x00000000e7a00000)
  from space 11776K, 99% used [0x00000000e7a00000,0x00000000e857ea60,0x00000000e8580000)
  to   space 14336K, 0% used [0x00000000ecd00000,0x00000000ecd00000,0x00000000edb00000)
 ParOldGen       total 43520K, used 16723K [0x00000000a0000000, 0x00000000a2a80000, 0x00000000e0000000)
  object space 43520K, 38% used [0x00000000a0000000,0x00000000a1054ef0,0x00000000a2a80000)
 Metaspace       used 54689K, capacity 56468K, committed 56576K, reserved 1097728K
  class space    used 7455K, capacity 7883K, committed 7936K, reserved 1048576K
Event: 62.852 GC heap after
Heap after GC invocations=14 (full 2):
 PSYoungGen      total 208384K, used 13026K [0x00000000e0000000, 0x00000000edc80000, 0x0000000100000000)
  eden space 194048K, 0% used [0x00000000e0000000,0x00000000e0000000,0x00000000ebd80000)
  from space 14336K, 90% used [0x00000000ecd00000,0x00000000ed9b8be0,0x00000000edb00000)
  to   space 15872K, 0% used [0x00000000ebd80000,0x00000000ebd80000,0x00000000ecd00000)
 ParOldGen       total 43520K, used 26189K [0x00000000a0000000, 0x00000000a2a80000, 0x00000000e0000000)
  object space 43520K, 60% used [0x00000000a0000000,0x00000000a1993658,0x00000000a2a80000)
 Metaspace       used 54689K, capacity 56468K, committed 56576K, reserved 1097728K
  class space    used 7455K, capacity 7883K, committed 7936K, reserved 1048576K
}
Event: 80.509 GC heap before
{Heap before GC invocations=15 (full 2):
 PSYoungGen      total 208384K, used 114787K [0x00000000e0000000, 0x00000000edc80000, 0x0000000100000000)
  eden space 194048K, 52% used [0x00000000e0000000,0x00000000e6360220,0x00000000ebd80000)
  from space 14336K, 90% used [0x00000000ecd00000,0x00000000ed9b8be0,0x00000000edb00000)
  to   space 15872K, 0% used [0x00000000ebd80000,0x00000000ebd80000,0x00000000ecd00000)
 ParOldGen       total 43520K, used 26189K [0x00000000a0000000, 0x00000000a2a80000, 0x00000000e0000000)
  object space 43520K, 60% used [0x00000000a0000000,0x00000000a1993658,0x00000000a2a80000)
 Metaspace       used 57292K, capacity 58962K, committed 59028K, reserved 1099776K
  class space    used 7743K, capacity 8160K, committed 8192K, reserved 1048576K
Event: 80.652 GC heap after
Heap after GC invocations=15 (full 2):
 PSYoungGen      total 209920K, used 14128K [0x00000000e0000000, 0x00000000edc80000, 0x0000000100000000)
  eden space 194048K, 0% used [0x00000000e0000000,0x00000000e0000000,0x00000000ebd80000)
  from space 15872K, 89% used [0x00000000ebd80000,0x00000000ecb4c1d8,0x00000000ecd00000)
  to   space 14336K, 0% used [0x00000000ecd00000,0x00000000ecd00000,0x00000000edb00000)
 ParOldGen       total 43520K, used 31991K [0x00000000a0000000, 0x00000000a2a80000, 0x00000000e0000000)
  object space 43520K, 73% used [0x00000000a0000000,0x00000000a1f3dea0,0x00000000a2a80000)
 Metaspace       used 57292K, capacity 58962K, committed 59028K, reserved 1099776K
  class space    used 7743K, capacity 8160K, committed 8192K, reserved 1048576K
}
Event: 80.652 GC heap before
{Heap before GC invocations=16 (full 3):
 PSYoungGen      total 209920K, used 14128K [0x00000000e0000000, 0x00000000edc80000, 0x0000000100000000)
  eden space 194048K, 0% used [0x00000000e0000000,0x00000000e0000000,0x00000000ebd80000)
  from space 15872K, 89% used [0x00000000ebd80000,0x00000000ecb4c1d8,0x00000000ecd00000)
  to   space 14336K, 0% used [0x00000000ecd00000,0x00000000ecd00000,0x00000000edb00000)
 ParOldGen       total 43520K, used 31991K [0x00000000a0000000, 0x00000000a2a80000, 0x00000000e0000000)
  object space 43520K, 73% used [0x00000000a0000000,0x00000000a1f3dea0,0x00000000a2a80000)
 Metaspace       used 57292K, capacity 58962K, committed 59028K, reserved 1099776K
  class space    used 7743K, capacity 8160K, committed 8192K, reserved 1048576K
Event: 81.826 GC heap after
Heap after GC invocations=16 (full 3):
 PSYoungGen      total 209920K, used 0K [0x00000000e0000000, 0x00000000edc80000, 0x0000000100000000)
  eden space 194048K, 0% used [0x00000000e0000000,0x00000000e0000000,0x00000000ebd80000)
  from space 15872K, 0% used [0x00000000ebd80000,0x00000000ebd80000,0x00000000ecd00000)
  to   space 14336K, 0% used [0x00000000ecd00000,0x00000000ecd00000,0x00000000edb00000)
 ParOldGen       total 78848K, used 42268K [0x00000000a0000000, 0x00000000a4d00000, 0x00000000e0000000)
  object space 78848K, 53% used [0x00000000a0000000,0x00000000a29472f8,0x00000000a4d00000)
 Metaspace       used 57292K, capacity 58962K, committed 59028K, reserved 1099776K
  class space    used 7743K, capacity 8160K, committed 8192K, reserved 1048576K
}
Event: 81.865 GC heap before
{Heap before GC invocations=17 (full 3):
 PSYoungGen      total 209920K, used 3425K [0x00000000e0000000, 0x00000000edc80000, 0x0000000100000000)
  eden space 194048K, 1% used [0x00000000e0000000,0x00000000e0358728,0x00000000ebd80000)
  from space 15872K, 0% used [0x00000000ebd80000,0x00000000ebd80000,0x00000000ecd00000)
  to   space 14336K, 0% used [0x00000000ecd00000,0x00000000ecd00000,0x00000000edb00000)
 ParOldGen       total 78848K, used 42268K [0x00000000a0000000, 0x00000000a4d00000, 0x00000000e0000000)
  object space 78848K, 53% used [0x00000000a0000000,0x00000000a29472f8,0x00000000a4d00000)
 Metaspace       used 57323K, capacity 59096K, committed 59284K, reserved 1099776K
  class space    used 7750K, capacity 8161K, committed 8192K, reserved 1048576K
Event: 81.918 GC heap after
Heap after GC invocations=17 (full 3):
 PSYoungGen      total 208384K, used 128K [0x00000000e0000000, 0x00000000edc80000, 0x0000000100000000)
  eden space 194048K, 0% used [0x00000000e0000000,0x00000000e0000000,0x00000000ebd80000)
  from space 14336K, 0% used [0x00000000ecd00000,0x00000000ecd20010,0x00000000edb00000)
  to   space 15872K, 0% used [0x00000000ebd80000,0x00000000ebd80000,0x00000000ecd00000)
 ParOldGen       total 78848K, used 42268K [0x00000000a0000000, 0x00000000a4d00000, 0x00000000e0000000)
  object space 78848K, 53% used [0x00000000a0000000,0x00000000a29472f8,0x00000000a4d00000)
 Metaspace       used 57323K, capacity 59096K, committed 59284K, reserved 1099776K
  class space    used 7750K, capacity 8161K, committed 8192K, reserved 1048576K
}
Event: 81.918 GC heap before
{Heap before GC invocations=18 (full 4):
 PSYoungGen      total 208384K, used 128K [0x00000000e0000000, 0x00000000edc80000, 0x0000000100000000)
  eden space 194048K, 0% used [0x00000000e0000000,0x00000000e0000000,0x00000000ebd80000)
  from space 14336K, 0% used [0x00000000ecd00000,0x00000000ecd20010,0x00000000edb00000)
  to   space 15872K, 0% used [0x00000000ebd80000,0x00000000ebd80000,0x00000000ecd00000)
 ParOldGen       total 78848K, used 42268K [0x00000000a0000000, 0x00000000a4d00000, 0x00000000e0000000)
  object space 78848K, 53% used [0x00000000a0000000,0x00000000a29472f8,0x00000000a4d00000)
 Metaspace       used 57323K, capacity 59096K, committed 59284K, reserved 1099776K
  class space    used 7750K, capacity 8161K, committed 8192K, reserved 1048576K

